2013/12/29 14:37:48 [warning] [application] Failed to set unsafe attribute "verifyCode" of "ContactForm".
in /mnt/mediafiles4/user_data/home/veejay/Projects/miama.org/rinkfinder/protected/controllers/SiteController.php (56)
in /mnt/mediafiles4/user_data/home/veejay/Projects/miama.org/rinkfinder/index.php (13)
2013/12/29 14:45:49 [warning] [application] Failed to set unsafe attribute "verifyCode" of "ContactForm".
in /mnt/mediafiles4/user_data/home/veejay/Projects/miama.org/rinkfinder/protected/controllers/SiteController.php (56)
in /mnt/mediafiles4/user_data/home/veejay/Projects/miama.org/rinkfinder/index.php (13)
2013/12/29 14:45:55 [warning] [application] Failed to set unsafe attribute "verifyCode" of "ContactForm".
in /mnt/mediafiles4/user_data/home/veejay/Projects/miama.org/rinkfinder/protected/controllers/SiteController.php (56)
in /mnt/mediafiles4/user_data/home/veejay/Projects/miama.org/rinkfinder/index.php (13)
2013/12/29 14:46:06 [warning] [application] Failed to set unsafe attribute "verifyCode" of "ContactForm".
in /mnt/mediafiles4/user_data/home/veejay/Projects/miama.org/rinkfinder/protected/controllers/SiteController.php (56)
in /mnt/mediafiles4/user_data/home/veejay/Projects/miama.org/rinkfinder/index.php (13)
2013/12/29 14:46:12 [warning] [application] Failed to set unsafe attribute "verifyCode" of "ContactForm".
in /mnt/mediafiles4/user_data/home/veejay/Projects/miama.org/rinkfinder/protected/controllers/SiteController.php (56)
in /mnt/mediafiles4/user_data/home/veejay/Projects/miama.org/rinkfinder/index.php (13)
2013/12/29 14:46:13 [warning] [application] Failed to set unsafe attribute "verifyCode" of "ContactForm".
in /mnt/mediafiles4/user_data/home/veejay/Projects/miama.org/rinkfinder/protected/controllers/SiteController.php (56)
in /mnt/mediafiles4/user_data/home/veejay/Projects/miama.org/rinkfinder/index.php (13)
2013/12/29 14:48:13 [warning] [application] Failed to set unsafe attribute "verifyCode" of "ContactForm".
in /mnt/mediafiles4/user_data/home/veejay/Projects/miama.org/rinkfinder/protected/controllers/SiteController.php (56)
in /mnt/mediafiles4/user_data/home/veejay/Projects/miama.org/rinkfinder/index.php (13)
2013/12/29 14:48:18 [warning] [application] Failed to set unsafe attribute "verifyCode" of "ContactForm".
in /mnt/mediafiles4/user_data/home/veejay/Projects/miama.org/rinkfinder/protected/controllers/SiteController.php (56)
in /mnt/mediafiles4/user_data/home/veejay/Projects/miama.org/rinkfinder/index.php (13)
2013/12/29 14:48:22 [warning] [application] Failed to set unsafe attribute "verifyCode" of "ContactForm".
in /mnt/mediafiles4/user_data/home/veejay/Projects/miama.org/rinkfinder/protected/controllers/SiteController.php (56)
in /mnt/mediafiles4/user_data/home/veejay/Projects/miama.org/rinkfinder/index.php (13)
2013/12/29 14:48:24 [warning] [application] Failed to set unsafe attribute "verifyCode" of "ContactForm".
in /mnt/mediafiles4/user_data/home/veejay/Projects/miama.org/rinkfinder/protected/controllers/SiteController.php (56)
in /mnt/mediafiles4/user_data/home/veejay/Projects/miama.org/rinkfinder/index.php (13)
2013/12/29 23:42:11 [warning] [application] Failed to set unsafe attribute "verifyCode" of "RegistrationForm".
in /mnt/mediafiles4/user_data/home/veejay/Projects/miama.org/rinkfinder/protected/modules/user/components/UActiveForm.php (552)
in /mnt/mediafiles4/user_data/home/veejay/Projects/miama.org/rinkfinder/protected/modules/user/controllers/RegistrationController.php (30)
in /mnt/mediafiles4/user_data/home/veejay/Projects/miama.org/rinkfinder/index.php (13)
2013/12/29 23:42:19 [warning] [application] Failed to set unsafe attribute "verifyCode" of "RegistrationForm".
in /mnt/mediafiles4/user_data/home/veejay/Projects/miama.org/rinkfinder/protected/modules/user/components/UActiveForm.php (552)
in /mnt/mediafiles4/user_data/home/veejay/Projects/miama.org/rinkfinder/protected/modules/user/controllers/RegistrationController.php (30)
in /mnt/mediafiles4/user_data/home/veejay/Projects/miama.org/rinkfinder/index.php (13)
2013/12/29 23:42:39 [warning] [application] Failed to set unsafe attribute "verifyCode" of "RegistrationForm".
in /mnt/mediafiles4/user_data/home/veejay/Projects/miama.org/rinkfinder/protected/modules/user/components/UActiveForm.php (552)
in /mnt/mediafiles4/user_data/home/veejay/Projects/miama.org/rinkfinder/protected/modules/user/controllers/RegistrationController.php (30)
in /mnt/mediafiles4/user_data/home/veejay/Projects/miama.org/rinkfinder/index.php (13)
2013/12/29 23:42:52 [warning] [application] Failed to set unsafe attribute "verifyCode" of "RegistrationForm".
in /mnt/mediafiles4/user_data/home/veejay/Projects/miama.org/rinkfinder/protected/modules/user/components/UActiveForm.php (552)
in /mnt/mediafiles4/user_data/home/veejay/Projects/miama.org/rinkfinder/protected/modules/user/controllers/RegistrationController.php (30)
in /mnt/mediafiles4/user_data/home/veejay/Projects/miama.org/rinkfinder/index.php (13)
2013/12/29 23:42:59 [warning] [application] Failed to set unsafe attribute "verifyCode" of "RegistrationForm".
in /mnt/mediafiles4/user_data/home/veejay/Projects/miama.org/rinkfinder/protected/modules/user/components/UActiveForm.php (552)
in /mnt/mediafiles4/user_data/home/veejay/Projects/miama.org/rinkfinder/protected/modules/user/controllers/RegistrationController.php (30)
in /mnt/mediafiles4/user_data/home/veejay/Projects/miama.org/rinkfinder/index.php (13)
2013/12/29 23:43:17 [warning] [application] Failed to set unsafe attribute "verifyCode" of "RegistrationForm".
in /mnt/mediafiles4/user_data/home/veejay/Projects/miama.org/rinkfinder/protected/modules/user/components/UActiveForm.php (552)
in /mnt/mediafiles4/user_data/home/veejay/Projects/miama.org/rinkfinder/protected/modules/user/controllers/RegistrationController.php (30)
in /mnt/mediafiles4/user_data/home/veejay/Projects/miama.org/rinkfinder/index.php (13)
2013/12/29 23:43:23 [warning] [application] Failed to set unsafe attribute "verifyCode" of "RegistrationForm".
in /mnt/mediafiles4/user_data/home/veejay/Projects/miama.org/rinkfinder/protected/modules/user/components/UActiveForm.php (552)
in /mnt/mediafiles4/user_data/home/veejay/Projects/miama.org/rinkfinder/protected/modules/user/controllers/RegistrationController.php (30)
in /mnt/mediafiles4/user_data/home/veejay/Projects/miama.org/rinkfinder/index.php (13)
2013/12/30 00:04:13 [warning] [application] Failed to set unsafe attribute "verifyCode" of "ContactForm".
in /mnt/mediafiles4/user_data/home/veejay/Projects/miama.org/rinkfinder/protected/controllers/SiteController.php (56)
in /mnt/mediafiles4/user_data/home/veejay/Projects/miama.org/rinkfinder/index.php (13)
2013/12/30 00:04:19 [warning] [application] Failed to set unsafe attribute "verifyCode" of "ContactForm".
in /mnt/mediafiles4/user_data/home/veejay/Projects/miama.org/rinkfinder/protected/controllers/SiteController.php (56)
in /mnt/mediafiles4/user_data/home/veejay/Projects/miama.org/rinkfinder/index.php (13)
2013/12/30 00:04:24 [warning] [application] Failed to set unsafe attribute "verifyCode" of "ContactForm".
in /mnt/mediafiles4/user_data/home/veejay/Projects/miama.org/rinkfinder/protected/controllers/SiteController.php (56)
in /mnt/mediafiles4/user_data/home/veejay/Projects/miama.org/rinkfinder/index.php (13)
2013/12/30 00:04:25 [warning] [application] Failed to set unsafe attribute "verifyCode" of "ContactForm".
in /mnt/mediafiles4/user_data/home/veejay/Projects/miama.org/rinkfinder/protected/controllers/SiteController.php (56)
in /mnt/mediafiles4/user_data/home/veejay/Projects/miama.org/rinkfinder/index.php (13)
2013/12/30 00:04:37 [warning] [application] Failed to set unsafe attribute "verifyCode" of "ContactForm".
in /mnt/mediafiles4/user_data/home/veejay/Projects/miama.org/rinkfinder/protected/controllers/SiteController.php (56)
in /mnt/mediafiles4/user_data/home/veejay/Projects/miama.org/rinkfinder/index.php (13)
2013/12/30 00:04:39 [warning] [application] Failed to set unsafe attribute "verifyCode" of "ContactForm".
in /mnt/mediafiles4/user_data/home/veejay/Projects/miama.org/rinkfinder/protected/controllers/SiteController.php (56)
in /mnt/mediafiles4/user_data/home/veejay/Projects/miama.org/rinkfinder/index.php (13)
2013/12/30 00:13:03 [warning] [application] Failed to set unsafe attribute "verifyCode" of "ContactForm".
in /mnt/mediafiles4/user_data/home/veejay/Projects/miama.org/rinkfinder/protected/controllers/SiteController.php (56)
in /mnt/mediafiles4/user_data/home/veejay/Projects/miama.org/rinkfinder/index.php (13)
2013/12/30 00:13:07 [warning] [application] Failed to set unsafe attribute "verifyCode" of "ContactForm".
in /mnt/mediafiles4/user_data/home/veejay/Projects/miama.org/rinkfinder/protected/controllers/SiteController.php (56)
in /mnt/mediafiles4/user_data/home/veejay/Projects/miama.org/rinkfinder/index.php (13)
2013/12/30 00:13:12 [warning] [application] Failed to set unsafe attribute "verifyCode" of "ContactForm".
in /mnt/mediafiles4/user_data/home/veejay/Projects/miama.org/rinkfinder/protected/controllers/SiteController.php (56)
in /mnt/mediafiles4/user_data/home/veejay/Projects/miama.org/rinkfinder/index.php (13)
2013/12/30 00:13:14 [warning] [application] Failed to set unsafe attribute "verifyCode" of "ContactForm".
in /mnt/mediafiles4/user_data/home/veejay/Projects/miama.org/rinkfinder/protected/controllers/SiteController.php (56)
in /mnt/mediafiles4/user_data/home/veejay/Projects/miama.org/rinkfinder/index.php (13)
2013/12/30 00:28:17 [warning] [application] Failed to set unsafe attribute "verifyCode" of "ContactForm".
in /mnt/mediafiles4/user_data/home/veejay/Projects/miama.org/rinkfinder/protected/controllers/SiteController.php (56)
in /mnt/mediafiles4/user_data/home/veejay/Projects/miama.org/rinkfinder/index.php (13)
2013/12/30 00:28:18 [warning] [application] Failed to set unsafe attribute "verifyCode" of "ContactForm".
in /mnt/mediafiles4/user_data/home/veejay/Projects/miama.org/rinkfinder/protected/controllers/SiteController.php (56)
in /mnt/mediafiles4/user_data/home/veejay/Projects/miama.org/rinkfinder/index.php (13)
2013/12/30 00:28:24 [warning] [application] Failed to set unsafe attribute "verifyCode" of "ContactForm".
in /mnt/mediafiles4/user_data/home/veejay/Projects/miama.org/rinkfinder/protected/controllers/SiteController.php (56)
in /mnt/mediafiles4/user_data/home/veejay/Projects/miama.org/rinkfinder/index.php (13)
2013/12/30 00:28:25 [warning] [application] Failed to set unsafe attribute "verifyCode" of "ContactForm".
in /mnt/mediafiles4/user_data/home/veejay/Projects/miama.org/rinkfinder/protected/controllers/SiteController.php (56)
in /mnt/mediafiles4/user_data/home/veejay/Projects/miama.org/rinkfinder/index.php (13)
2013/12/30 00:30:59 [warning] [application] Failed to set unsafe attribute "verifyCode" of "ContactForm".
in /mnt/mediafiles4/user_data/home/veejay/Projects/miama.org/rinkfinder/protected/controllers/SiteController.php (56)
in /mnt/mediafiles4/user_data/home/veejay/Projects/miama.org/rinkfinder/index.php (13)
2013/12/30 00:31:03 [warning] [application] Failed to set unsafe attribute "verifyCode" of "ContactForm".
in /mnt/mediafiles4/user_data/home/veejay/Projects/miama.org/rinkfinder/protected/controllers/SiteController.php (56)
in /mnt/mediafiles4/user_data/home/veejay/Projects/miama.org/rinkfinder/index.php (13)
2013/12/30 00:31:13 [warning] [application] Failed to set unsafe attribute "verifyCode" of "ContactForm".
in /mnt/mediafiles4/user_data/home/veejay/Projects/miama.org/rinkfinder/protected/controllers/SiteController.php (56)
in /mnt/mediafiles4/user_data/home/veejay/Projects/miama.org/rinkfinder/index.php (13)
2013/12/30 00:31:15 [warning] [application] Failed to set unsafe attribute "verifyCode" of "ContactForm".
in /mnt/mediafiles4/user_data/home/veejay/Projects/miama.org/rinkfinder/protected/controllers/SiteController.php (56)
in /mnt/mediafiles4/user_data/home/veejay/Projects/miama.org/rinkfinder/index.php (13)
2013/12/30 00:37:19 [warning] [application] Failed to set unsafe attribute "verifyCode" of "ContactForm".
in /mnt/mediafiles4/user_data/home/veejay/Projects/miama.org/rinkfinder/protected/controllers/SiteController.php (56)
in /mnt/mediafiles4/user_data/home/veejay/Projects/miama.org/rinkfinder/index.php (13)
2013/12/30 00:37:21 [warning] [application] Failed to set unsafe attribute "verifyCode" of "ContactForm".
in /mnt/mediafiles4/user_data/home/veejay/Projects/miama.org/rinkfinder/protected/controllers/SiteController.php (56)
in /mnt/mediafiles4/user_data/home/veejay/Projects/miama.org/rinkfinder/index.php (13)
2013/12/30 00:37:28 [warning] [application] Failed to set unsafe attribute "verifyCode" of "ContactForm".
in /mnt/mediafiles4/user_data/home/veejay/Projects/miama.org/rinkfinder/protected/controllers/SiteController.php (56)
in /mnt/mediafiles4/user_data/home/veejay/Projects/miama.org/rinkfinder/index.php (13)
2013/12/30 00:37:52 [warning] [application] Failed to set unsafe attribute "verifyCode" of "ContactForm".
in /mnt/mediafiles4/user_data/home/veejay/Projects/miama.org/rinkfinder/protected/controllers/SiteController.php (56)
in /mnt/mediafiles4/user_data/home/veejay/Projects/miama.org/rinkfinder/index.php (13)
2013/12/30 00:41:12 [warning] [application] Failed to set unsafe attribute "verifyCode" of "ContactForm".
in /mnt/mediafiles4/user_data/home/veejay/Projects/miama.org/rinkfinder/protected/controllers/SiteController.php (56)
in /mnt/mediafiles4/user_data/home/veejay/Projects/miama.org/rinkfinder/index.php (13)
2013/12/30 00:41:16 [warning] [application] Failed to set unsafe attribute "verifyCode" of "ContactForm".
in /mnt/mediafiles4/user_data/home/veejay/Projects/miama.org/rinkfinder/protected/controllers/SiteController.php (56)
in /mnt/mediafiles4/user_data/home/veejay/Projects/miama.org/rinkfinder/index.php (13)
2013/12/30 00:41:23 [warning] [application] Failed to set unsafe attribute "verifyCode" of "ContactForm".
in /mnt/mediafiles4/user_data/home/veejay/Projects/miama.org/rinkfinder/protected/controllers/SiteController.php (56)
in /mnt/mediafiles4/user_data/home/veejay/Projects/miama.org/rinkfinder/index.php (13)
2013/12/30 00:41:56 [warning] [application] Failed to set unsafe attribute "verifyCode" of "ContactForm".
in /mnt/mediafiles4/user_data/home/veejay/Projects/miama.org/rinkfinder/protected/controllers/SiteController.php (56)
in /mnt/mediafiles4/user_data/home/veejay/Projects/miama.org/rinkfinder/index.php (13)
2013/12/30 00:42:08 [warning] [application] Failed to set unsafe attribute "verifyCode" of "ContactForm".
in /mnt/mediafiles4/user_data/home/veejay/Projects/miama.org/rinkfinder/protected/controllers/SiteController.php (56)
in /mnt/mediafiles4/user_data/home/veejay/Projects/miama.org/rinkfinder/index.php (13)
2013/12/30 00:43:43 [warning] [application] Failed to set unsafe attribute "verifyCode" of "ContactForm".
in /mnt/mediafiles4/user_data/home/veejay/Projects/miama.org/rinkfinder/protected/controllers/SiteController.php (56)
in /mnt/mediafiles4/user_data/home/veejay/Projects/miama.org/rinkfinder/index.php (13)
2013/12/30 00:43:45 [warning] [application] Failed to set unsafe attribute "verifyCode" of "ContactForm".
in /mnt/mediafiles4/user_data/home/veejay/Projects/miama.org/rinkfinder/protected/controllers/SiteController.php (56)
in /mnt/mediafiles4/user_data/home/veejay/Projects/miama.org/rinkfinder/index.php (13)
2013/12/30 00:43:52 [warning] [application] Failed to set unsafe attribute "verifyCode" of "ContactForm".
in /mnt/mediafiles4/user_data/home/veejay/Projects/miama.org/rinkfinder/protected/controllers/SiteController.php (56)
in /mnt/mediafiles4/user_data/home/veejay/Projects/miama.org/rinkfinder/index.php (13)
2013/12/30 00:43:53 [warning] [application] Failed to set unsafe attribute "verifyCode" of "ContactForm".
in /mnt/mediafiles4/user_data/home/veejay/Projects/miama.org/rinkfinder/protected/controllers/SiteController.php (56)
in /mnt/mediafiles4/user_data/home/veejay/Projects/miama.org/rinkfinder/index.php (13)
